This is pdfTeX, Version 3.141592653-2.6-1.40.24 (TeX Live 2022) (preloaded format=pdflatex 2022.6.9)  18 DEC 2023 23:38
entering extended mode
 restricted \write18 enabled.
 %&-line parsing enabled.
**report.tex
(./report.tex
LaTeX2e <2021-11-15> patch level 1
L3 programming layer <2022-02-24>
(/usr/local/texlive/2022/texmf-dist/tex/latex/base/article.cls
Document Class: article 2021/10/04 v1.4n Standard LaTeX document class
(/usr/local/texlive/2022/texmf-dist/tex/latex/base/size10.clo
File: size10.clo 2021/10/04 v1.4n Standard LaTeX file (size option)
)
\c@part=\count185
\c@section=\count186
\c@subsection=\count187
\c@subsubsection=\count188
\c@paragraph=\count189
\c@subparagraph=\count190
\c@figure=\count191
\c@table=\count192
\abovecaptionskip=\skip47
\belowcaptionskip=\skip48
\bibindent=\dimen138
)
(/usr/local/texlive/2022/texmf-dist/tex/latex/graphics/graphicx.sty
Package: graphicx 2021/09/16 v1.2d Enhanced LaTeX Graphics (DPC,SPQR)

(/usr/local/texlive/2022/texmf-dist/tex/latex/graphics/keyval.sty
Package: keyval 2014/10/28 v1.15 key=value parser (DPC)
\KV@toks@=\toks16
)
(/usr/local/texlive/2022/texmf-dist/tex/latex/graphics/graphics.sty
Package: graphics 2021/03/04 v1.4d Standard LaTeX Graphics (DPC,SPQR)

(/usr/local/texlive/2022/texmf-dist/tex/latex/graphics/trig.sty
Package: trig 2021/08/11 v1.11 sin cos tan (DPC)
)
(/usr/local/texlive/2022/texmf-dist/tex/latex/graphics-cfg/graphics.cfg
File: graphics.cfg 2016/06/04 v1.11 sample graphics configuration
)
Package graphics Info: Driver file: pdftex.def on input line 107.

(/usr/local/texlive/2022/texmf-dist/tex/latex/graphics-def/pdftex.def
File: pdftex.def 2020/10/05 v1.2a Graphics/color driver for pdftex
))
\Gin@req@height=\dimen139
\Gin@req@width=\dimen140
)
(/usr/local/texlive/2022/texmf-dist/tex/latex/geometry/geometry.sty
Package: geometry 2020/01/02 v5.9 Page Geometry

(/usr/local/texlive/2022/texmf-dist/tex/generic/iftex/ifvtex.sty
Package: ifvtex 2019/10/25 v1.7 ifvtex legacy package. Use iftex instead.

(/usr/local/texlive/2022/texmf-dist/tex/generic/iftex/iftex.sty
Package: iftex 2022/02/03 v1.0f TeX engine tests
))
\Gm@cnth=\count193
\Gm@cntv=\count194
\c@Gm@tempcnt=\count195
\Gm@bindingoffset=\dimen141
\Gm@wd@mp=\dimen142
\Gm@odd@mp=\dimen143
\Gm@even@mp=\dimen144
\Gm@layoutwidth=\dimen145
\Gm@layoutheight=\dimen146
\Gm@layouthoffset=\dimen147
\Gm@layoutvoffset=\dimen148
\Gm@dimlist=\toks17
)
(/usr/local/texlive/2022/texmf-dist/tex/latex/tools/indentfirst.sty
Package: indentfirst 1995/11/23 v1.03 Indent first paragraph (DPC)
)
(/usr/local/texlive/2022/texmf-dist/tex/latex/titlesec/titlesec.sty
Package: titlesec 2021/07/05 v2.14 Sectioning titles
\ttl@box=\box50
\beforetitleunit=\skip49
\aftertitleunit=\skip50
\ttl@plus=\dimen149
\ttl@minus=\dimen150
\ttl@toksa=\toks18
\titlewidth=\dimen151
\titlewidthlast=\dimen152
\titlewidthfirst=\dimen153
)
(/usr/local/texlive/2022/texmf-dist/tex/latex/hyperref/hyperref.sty
Package: hyperref 2022-02-21 v7.00n Hypertext links for LaTeX

(/usr/local/texlive/2022/texmf-dist/tex/generic/ltxcmds/ltxcmds.sty
Package: ltxcmds 2020-05-10 v1.25 LaTeX kernel commands for general use (HO)
)
(/usr/local/texlive/2022/texmf-dist/tex/generic/pdftexcmds/pdftexcmds.sty
Package: pdftexcmds 2020-06-27 v0.33 Utility functions of pdfTeX for LuaTeX (HO
)

(/usr/local/texlive/2022/texmf-dist/tex/generic/infwarerr/infwarerr.sty
Package: infwarerr 2019/12/03 v1.5 Providing info/warning/error messages (HO)
)
Package pdftexcmds Info: \pdf@primitive is available.
Package pdftexcmds Info: \pdf@ifprimitive is available.
Package pdftexcmds Info: \pdfdraftmode found.
)
(/usr/local/texlive/2022/texmf-dist/tex/generic/kvsetkeys/kvsetkeys.sty
Package: kvsetkeys 2019/12/15 v1.18 Key value parser (HO)
)
(/usr/local/texlive/2022/texmf-dist/tex/generic/kvdefinekeys/kvdefinekeys.sty
Package: kvdefinekeys 2019-12-19 v1.6 Define keys (HO)
)
(/usr/local/texlive/2022/texmf-dist/tex/generic/pdfescape/pdfescape.sty
Package: pdfescape 2019/12/09 v1.15 Implements pdfTeX's escape features (HO)
)
(/usr/local/texlive/2022/texmf-dist/tex/latex/hycolor/hycolor.sty
Package: hycolor 2020-01-27 v1.10 Color options for hyperref/bookmark (HO)
)
(/usr/local/texlive/2022/texmf-dist/tex/latex/letltxmacro/letltxmacro.sty
Package: letltxmacro 2019/12/03 v1.6 Let assignment for LaTeX macros (HO)
)
(/usr/local/texlive/2022/texmf-dist/tex/latex/auxhook/auxhook.sty
Package: auxhook 2019-12-17 v1.6 Hooks for auxiliary files (HO)
)
(/usr/local/texlive/2022/texmf-dist/tex/latex/kvoptions/kvoptions.sty
Package: kvoptions 2020-10-07 v3.14 Key value format for package options (HO)
)
\@linkdim=\dimen154
\Hy@linkcounter=\count196
\Hy@pagecounter=\count197

(/usr/local/texlive/2022/texmf-dist/tex/latex/hyperref/pd1enc.def
File: pd1enc.def 2022-02-21 v7.00n Hyperref: PDFDocEncoding definition (HO)
Now handling font encoding PD1 ...
... no UTF-8 mapping file for font encoding PD1
)
(/usr/local/texlive/2022/texmf-dist/tex/generic/intcalc/intcalc.sty
Package: intcalc 2019/12/15 v1.3 Expandable calculations with integers (HO)
)
(/usr/local/texlive/2022/texmf-dist/tex/generic/etexcmds/etexcmds.sty
Package: etexcmds 2019/12/15 v1.7 Avoid name clashes with e-TeX commands (HO)
)
\Hy@SavedSpaceFactor=\count198

(/usr/local/texlive/2022/texmf-dist/tex/latex/hyperref/puenc.def
File: puenc.def 2022-02-21 v7.00n Hyperref: PDF Unicode definition (HO)
Now handling font encoding PU ...
... no UTF-8 mapping file for font encoding PU
)
Package hyperref Info: Hyper figures OFF on input line 4137.
Package hyperref Info: Link nesting OFF on input line 4142.
Package hyperref Info: Hyper index ON on input line 4145.
Package hyperref Info: Plain pages OFF on input line 4152.
Package hyperref Info: Backreferencing OFF on input line 4157.
Package hyperref Info: Implicit mode ON; LaTeX internals redefined.
Package hyperref Info: Bookmarks ON on input line 4390.
\c@Hy@tempcnt=\count199

(/usr/local/texlive/2022/texmf-dist/tex/latex/url/url.sty
\Urlmuskip=\muskip16
Package: url 2013/09/16  ver 3.4  Verb mode for urls, etc.
)
LaTeX Info: Redefining \url on input line 4749.
\XeTeXLinkMargin=\dimen155

(/usr/local/texlive/2022/texmf-dist/tex/generic/bitset/bitset.sty
Package: bitset 2019/12/09 v1.3 Handle bit-vector datatype (HO)

(/usr/local/texlive/2022/texmf-dist/tex/generic/bigintcalc/bigintcalc.sty
Package: bigintcalc 2019/12/15 v1.5 Expandable calculations on big integers (HO
)
))
\Fld@menulength=\count266
\Field@Width=\dimen156
\Fld@charsize=\dimen157
Package hyperref Info: Hyper figures OFF on input line 6027.
Package hyperref Info: Link nesting OFF on input line 6032.
Package hyperref Info: Hyper index ON on input line 6035.
Package hyperref Info: backreferencing OFF on input line 6042.
Package hyperref Info: Link coloring OFF on input line 6047.
Package hyperref Info: Link coloring with OCG OFF on input line 6052.
Package hyperref Info: PDF/A mode OFF on input line 6057.
LaTeX Info: Redefining \ref on input line 6097.
LaTeX Info: Redefining \pageref on input line 6101.

(/usr/local/texlive/2022/texmf-dist/tex/latex/base/atbegshi-ltx.sty
Package: atbegshi-ltx 2021/01/10 v1.0c Emulation of the original atbegshi
package with kernel methods
)
\Hy@abspage=\count267
\c@Item=\count268
\c@Hfootnote=\count269
)
Package hyperref Info: Driver (autodetected): hpdftex.

(/usr/local/texlive/2022/texmf-dist/tex/latex/hyperref/hpdftex.def
File: hpdftex.def 2022-02-21 v7.00n Hyperref driver for pdfTeX

(/usr/local/texlive/2022/texmf-dist/tex/latex/base/atveryend-ltx.sty
Package: atveryend-ltx 2020/08/19 v1.0a Emulation of the original atveryend pac
kage
with kernel methods
)
\Fld@listcount=\count270
\c@bookmark@seq@number=\count271

(/usr/local/texlive/2022/texmf-dist/tex/latex/rerunfilecheck/rerunfilecheck.sty
Package: rerunfilecheck 2019/12/05 v1.9 Rerun checks for auxiliary files (HO)

(/usr/local/texlive/2022/texmf-dist/tex/generic/uniquecounter/uniquecounter.sty
Package: uniquecounter 2019/12/15 v1.4 Provide unlimited unique counter (HO)
)
Package uniquecounter Info: New unique counter `rerunfilecheck' on input line 2
86.
)
\Hy@SectionHShift=\skip51
) (/usr/local/texlive/2022/texmf-dist/tex/latex/tools/enumerate.sty
Package: enumerate 2015/07/23 v3.00 enumerate extensions (DPC)
\@enLab=\toks19
)
(/usr/local/texlive/2022/texmf-dist/tex/latex/listings/listings.sty
\lst@mode=\count272
\lst@gtempboxa=\box51
\lst@token=\toks20
\lst@length=\count273
\lst@currlwidth=\dimen158
\lst@column=\count274
\lst@pos=\count275
\lst@lostspace=\dimen159
\lst@width=\dimen160
\lst@newlines=\count276
\lst@lineno=\count277
\lst@maxwidth=\dimen161

(/usr/local/texlive/2022/texmf-dist/tex/latex/listings/lstmisc.sty
File: lstmisc.sty 2020/03/24 1.8d (Carsten Heinz)
\c@lstnumber=\count278
\lst@skipnumbers=\count279
\lst@framebox=\box52
)
(/usr/local/texlive/2022/texmf-dist/tex/latex/listings/listings.cfg
File: listings.cfg 2020/03/24 1.8d listings configuration
))
Package: listings 2020/03/24 1.8d (Carsten Heinz)

(/usr/local/texlive/2022/texmf-dist/tex/latex/amsmath/amsmath.sty
Package: amsmath 2021/10/15 v2.17l AMS math features
\@mathmargin=\skip52

For additional information on amsmath, use the `?' option.
(/usr/local/texlive/2022/texmf-dist/tex/latex/amsmath/amstext.sty
Package: amstext 2021/08/26 v2.01 AMS text

(/usr/local/texlive/2022/texmf-dist/tex/latex/amsmath/amsgen.sty
File: amsgen.sty 1999/11/30 v2.0 generic functions
\@emptytoks=\toks21
\ex@=\dimen162
))
(/usr/local/texlive/2022/texmf-dist/tex/latex/amsmath/amsbsy.sty
Package: amsbsy 1999/11/29 v1.2d Bold Symbols
\pmbraise@=\dimen163
)
(/usr/local/texlive/2022/texmf-dist/tex/latex/amsmath/amsopn.sty
Package: amsopn 2021/08/26 v2.02 operator names
)
\inf@bad=\count280
LaTeX Info: Redefining \frac on input line 234.
\uproot@=\count281
\leftroot@=\count282
LaTeX Info: Redefining \overline on input line 399.
\classnum@=\count283
\DOTSCASE@=\count284
LaTeX Info: Redefining \ldots on input line 496.
LaTeX Info: Redefining \dots on input line 499.
LaTeX Info: Redefining \cdots on input line 620.
\Mathstrutbox@=\box53
\strutbox@=\box54
\big@size=\dimen164
LaTeX Font Info:    Redeclaring font encoding OML on input line 743.
LaTeX Font Info:    Redeclaring font encoding OMS on input line 744.
\macc@depth=\count285
\c@MaxMatrixCols=\count286
\dotsspace@=\muskip17
\c@parentequation=\count287
\dspbrk@lvl=\count288
\tag@help=\toks22
\row@=\count289
\column@=\count290
\maxfields@=\count291
\andhelp@=\toks23
\eqnshift@=\dimen165
\alignsep@=\dimen166
\tagshift@=\dimen167
\tagwidth@=\dimen168
\totwidth@=\dimen169
\lineht@=\dimen170
\@envbody=\toks24
\multlinegap=\skip53
\multlinetaggap=\skip54
\mathdisplay@stack=\toks25
LaTeX Info: Redefining \[ on input line 2938.
LaTeX Info: Redefining \] on input line 2939.
)
(/usr/local/texlive/2022/texmf-dist/tex/latex/adjustbox/adjustbox.sty
Package: adjustbox 2020/08/19 v1.3 Adjusting TeX boxes (trim, clip, ...)

(/usr/local/texlive/2022/texmf-dist/tex/latex/xkeyval/xkeyval.sty
Package: xkeyval 2020/11/20 v2.8 package option processing (HA)

(/usr/local/texlive/2022/texmf-dist/tex/generic/xkeyval/xkeyval.tex
(/usr/local/texlive/2022/texmf-dist/tex/generic/xkeyval/xkvutils.tex
\XKV@toks=\toks26
\XKV@tempa@toks=\toks27
)
\XKV@depth=\count292
File: xkeyval.tex 2014/12/03 v2.7a key=value parser (HA)
))
(/usr/local/texlive/2022/texmf-dist/tex/latex/adjustbox/adjcalc.sty
Package: adjcalc 2012/05/16 v1.1 Provides advanced setlength with multiple back
-ends (calc, etex, pgfmath)
)
(/usr/local/texlive/2022/texmf-dist/tex/latex/adjustbox/trimclip.sty
Package: trimclip 2020/08/19 v1.2 Trim and clip general TeX material

(/usr/local/texlive/2022/texmf-dist/tex/latex/collectbox/collectbox.sty
Package: collectbox 2012/05/17 v0.4b Collect macro arguments as boxes
\collectedbox=\box55
)
\tc@llx=\dimen171
\tc@lly=\dimen172
\tc@urx=\dimen173
\tc@ury=\dimen174
Package trimclip Info: Using driver 'tc-pdftex.def'.

(/usr/local/texlive/2022/texmf-dist/tex/latex/adjustbox/tc-pdftex.def
File: tc-pdftex.def 2019/01/04 v2.2 Clipping driver for pdftex
))
\adjbox@Width=\dimen175
\adjbox@Height=\dimen176
\adjbox@Depth=\dimen177
\adjbox@Totalheight=\dimen178
\adjbox@pwidth=\dimen179
\adjbox@pheight=\dimen180
\adjbox@pdepth=\dimen181
\adjbox@ptotalheight=\dimen182

(/usr/local/texlive/2022/texmf-dist/tex/latex/ifoddpage/ifoddpage.sty
Package: ifoddpage 2016/04/23 v1.1 Conditionals for odd/even page detection
\c@checkoddpage=\count293
)
(/usr/local/texlive/2022/texmf-dist/tex/latex/varwidth/varwidth.sty
Package: varwidth 2009/03/30 ver 0.92;  Variable-width minipages
\@vwid@box=\box56
\sift@deathcycles=\count294
\@vwid@loff=\dimen183
\@vwid@roff=\dimen184
))
(/usr/local/texlive/2022/texmf-dist/tex/latex/subfig/subfig.sty
Package: subfig 2005/06/28 ver: 1.3 subfig package

(/usr/local/texlive/2022/texmf-dist/tex/latex/caption/caption.sty
Package: caption 2022/03/01 v3.6b Customizing captions (AR)

(/usr/local/texlive/2022/texmf-dist/tex/latex/caption/caption3.sty
Package: caption3 2022/03/17 v2.3b caption3 kernel (AR)
\caption@tempdima=\dimen185
\captionmargin=\dimen186
\caption@leftmargin=\dimen187
\caption@rightmargin=\dimen188
\caption@width=\dimen189
\caption@indent=\dimen190
\caption@parindent=\dimen191
\caption@hangindent=\dimen192
Package caption Info: Standard document class detected.
)
\c@caption@flags=\count295
\c@continuedfloat=\count296
Package caption Info: hyperref package is loaded.
Package caption Info: listings package is loaded.
)
\c@KVtest=\count297
\sf@farskip=\skip55
\sf@captopadj=\dimen193
\sf@capskip=\skip56
\sf@nearskip=\skip57
\c@subfigure=\count298
\c@subfigure@save=\count299
\c@lofdepth=\count300
\c@subtable=\count301
\c@subtable@save=\count302
\c@lotdepth=\count303
\sf@top=\skip58
\sf@bottom=\skip59
)
(/usr/local/texlive/2022/texmf-dist/tex/latex/l3backend/l3backend-pdftex.def
File: l3backend-pdftex.def 2022-02-07 L3 backend support: PDF output (pdfTeX)
\l__color_backend_stack_int=\count304
\l__pdf_internal_box=\box57
)
(./report.aux)
\openout1 = `report.aux'.

LaTeX Font Info:    Checking defaults for OML/cmm/m/it on input line 24.
LaTeX Font Info:    ... okay on input line 24.
LaTeX Font Info:    Checking defaults for OMS/cmsy/m/n on input line 24.
LaTeX Font Info:    ... okay on input line 24.
LaTeX Font Info:    Checking defaults for OT1/cmr/m/n on input line 24.
LaTeX Font Info:    ... okay on input line 24.
LaTeX Font Info:    Checking defaults for T1/cmr/m/n on input line 24.
LaTeX Font Info:    ... okay on input line 24.
LaTeX Font Info:    Checking defaults for TS1/cmr/m/n on input line 24.
LaTeX Font Info:    ... okay on input line 24.
LaTeX Font Info:    Checking defaults for OMX/cmex/m/n on input line 24.
LaTeX Font Info:    ... okay on input line 24.
LaTeX Font Info:    Checking defaults for U/cmr/m/n on input line 24.
LaTeX Font Info:    ... okay on input line 24.
LaTeX Font Info:    Checking defaults for PD1/pdf/m/n on input line 24.
LaTeX Font Info:    ... okay on input line 24.
LaTeX Font Info:    Checking defaults for PU/pdf/m/n on input line 24.
LaTeX Font Info:    ... okay on input line 24.

(/usr/local/texlive/2022/texmf-dist/tex/context/base/mkii/supp-pdf.mkii
[Loading MPS to PDF converter (version 2006.09.02).]
\scratchcounter=\count305
\scratchdimen=\dimen194
\scratchbox=\box58
\nofMPsegments=\count306
\nofMParguments=\count307
\everyMPshowfont=\toks28
\MPscratchCnt=\count308
\MPscratchDim=\dimen195
\MPnumerator=\count309
\makeMPintoPDFobject=\count310
\everyMPtoPDFconversion=\toks29
) (/usr/local/texlive/2022/texmf-dist/tex/latex/epstopdf-pkg/epstopdf-base.sty
Package: epstopdf-base 2020-01-24 v2.11 Base part for package epstopdf
Package epstopdf-base Info: Redefining graphics rule for `.eps' on input line 4
85.

(/usr/local/texlive/2022/texmf-dist/tex/latex/latexconfig/epstopdf-sys.cfg
File: epstopdf-sys.cfg 2010/07/13 v1.3 Configuration of (r)epstopdf for TeX Liv
e
))
*geometry* driver: auto-detecting
*geometry* detected driver: pdftex
*geometry* verbose mode - [ preamble ] result:
* driver: pdftex
* paper: a4paper
* layout: <same size as paper>
* layoutoffset:(h,v)=(0.0pt,0.0pt)
* modes: 
* h-part:(L,W,R)=(71.13188pt, 455.24411pt, 71.13188pt)
* v-part:(T,H,B)=(49.79231pt, 745.46222pt, 49.79231pt)
* \paperwidth=597.50787pt
* \paperheight=845.04684pt
* \textwidth=455.24411pt
* \textheight=745.46222pt
* \oddsidemargin=-1.1381pt
* \evensidemargin=-1.1381pt
* \topmargin=-59.47768pt
* \headheight=12.0pt
* \headsep=25.0pt
* \topskip=10.0pt
* \footskip=24.18501pt
* \marginparwidth=65.0pt
* \marginparsep=11.0pt
* \columnsep=10.0pt
* \skip\footins=9.0pt plus 4.0pt minus 2.0pt
* \hoffset=0.0pt
* \voffset=0.0pt
* \mag=1000
* \@twocolumnfalse
* \@twosidefalse
* \@mparswitchfalse
* \@reversemarginfalse
* (1in=72.27pt=25.4mm, 1cm=28.453pt)

Package hyperref Info: Link coloring OFF on input line 24.
(/usr/local/texlive/2022/texmf-dist/tex/latex/hyperref/nameref.sty
Package: nameref 2021-04-02 v2.47 Cross-referencing by name of section

(/usr/local/texlive/2022/texmf-dist/tex/latex/refcount/refcount.sty
Package: refcount 2019/12/15 v3.6 Data extraction from label references (HO)
)
(/usr/local/texlive/2022/texmf-dist/tex/generic/gettitlestring/gettitlestring.s
ty
Package: gettitlestring 2019/12/15 v1.6 Cleanup title references (HO)
)
\c@section@level=\count311
)
LaTeX Info: Redefining \ref on input line 24.
LaTeX Info: Redefining \pageref on input line 24.
LaTeX Info: Redefining \nameref on input line 24.
 (./report.out) (./report.out)
\@outlinefile=\write3
\openout3 = `report.out'.

\c@lstlisting=\count312
Package caption Info: Begin \AtBeginDocument code.
Package caption Info: subfig package v1.3 is loaded.
Package caption Info: End \AtBeginDocument code.
<./images//aaltologo.png, id=148, 166.4619pt x 145.9854pt>
File: ./images//aaltologo.png Graphic file (type png)
<use ./images//aaltologo.png>
Package pdftex.def Info: ./images//aaltologo.png  used on input line 36.
(pdftex.def)             Requested size: 83.23073pt x 72.99251pt.
 [1

{/usr/local/texlive/2022/texmf-var/fonts/map/pdftex/updmap/pdftex.map} <./image
s//aaltologo.png>] (./report.toc)
\tf@toc=\write4
\openout4 = `report.toc'.


pdfTeX warning (ext4): destination with the same identifier (name{page.1}) has 
been already used, duplicate ignored
<to be read again> 
                   \relax 
l.84 \newpage
              [1] [2] [3]
Overfull \hbox (7.35016pt too wide) in paragraph at lines 162--164
\OT1/cmr/m/n/10 Observations can be clas-si-fied as be-long-ing to a species. A
s-sume that ob-ser-va-tions $\OML/cmm/m/it/10 X \OT1/cmr/m/n/10 = \OMS/cmsy/m/n
/10 f\OML/cmm/m/it/10 x[]; x[]; :::; x[]\OMS/cmsy/m/n/10 g$
 []

[4]
<./images//keystone_code_small.png, id=235, 1050.92625pt x 176.66pt>
File: ./images//keystone_code_small.png Graphic file (type png)
<use ./images//keystone_code_small.png>
Package pdftex.def Info: ./images//keystone_code_small.png  used on input line 
194.
(pdftex.def)             Requested size: 227.62204pt x 38.26149pt.
File: ./images//keystone_code_small.png Graphic file (type png)
<use ./images//keystone_code_small.png>
Package pdftex.def Info: ./images//keystone_code_small.png  used on input line 
195.
(pdftex.def)             Requested size: 227.62204pt x 38.26149pt.
 [5 <./images//keystone_code_small.png>]
<./images//actual_richness.png, id=245, 207.77625pt x 207.77625pt>
File: ./images//actual_richness.png Graphic file (type png)
<use ./images//actual_richness.png>
Package pdftex.def Info: ./images//actual_richness.png  used on input line 225.

(pdftex.def)             Requested size: 156.49014pt x 156.49757pt.
<./images//inferred_richness.png, id=246, 205.76875pt x 207.77625pt>
File: ./images//inferred_richness.png Graphic file (type png)
<use ./images//inferred_richness.png>
Package pdftex.def Info: ./images//inferred_richness.png  used on input line 22
6.
(pdftex.def)             Requested size: 156.49014pt x 158.01619pt.
 [6 <./images//actual_richness.png> <./images//inferred_richness.png>]
<./images//hexagonal_gridding.png, id=258, 1147.28625pt x 797.98125pt>
File: ./images//hexagonal_gridding.png Graphic file (type png)
<use ./images//hexagonal_gridding.png>
Package pdftex.def Info: ./images//hexagonal_gridding.png  used on input line 2
55.
(pdftex.def)             Requested size: 212.25774pt x 147.6242pt.
 [7 <./images//hexagonal_gridding.png>]
<./images//landing_page.png, id=266, 2530.45375pt x 1321.93875pt>
File: ./images//landing_page.png Graphic file (type png)
<use ./images//landing_page.png>
Package pdftex.def Info: ./images//landing_page.png  used on input line 279.
(pdftex.def)             Requested size: 284.52756pt x 148.6411pt.
<./images//keystone_graph1.png, id=267, 937.5025pt x 451.6875pt>
File: ./images//keystone_graph1.png Graphic file (type png)
<use ./images//keystone_graph1.png>
Package pdftex.def Info: ./images//keystone_graph1.png  used on input line 291.

(pdftex.def)             Requested size: 241.84842pt x 116.51932pt.
<./images//keystone_graph2.png, id=268, 955.57pt x 451.6875pt>
File: ./images//keystone_graph2.png Graphic file (type png)
<use ./images//keystone_graph2.png>
Package pdftex.def Info: ./images//keystone_graph2.png  used on input line 292.

(pdftex.def)             Requested size: 241.84842pt x 114.31381pt.

Overfull \hbox (28.45273pt too wide) in paragraph at lines 291--294
 [][][][] 
 []

[8 <./images//landing_page.png> <./images//keystone_graph1.png (PNG copy)> <./i
mages//keystone_graph2.png (PNG copy)>]
<./images//birds_richness.png, id=278, 481.8pt x 481.8pt>
File: ./images//birds_richness.png Graphic file (type png)
<use ./images//birds_richness.png>
Package pdftex.def Info: ./images//birds_richness.png  used on input line 303.
(pdftex.def)             Requested size: 170.71652pt x 170.71304pt.
<./images//birds_corr.png, id=279, 481.8pt x 481.8pt>
File: ./images//birds_corr.png Graphic file (type png)
<use ./images//birds_corr.png>
Package pdftex.def Info: ./images//birds_corr.png  used on input line 304.
(pdftex.def)             Requested size: 170.71652pt x 170.71304pt.
<./images//mammals_richness.png, id=280, 481.8pt x 481.8pt>
File: ./images//mammals_richness.png Graphic file (type png)
<use ./images//mammals_richness.png>
Package pdftex.def Info: ./images//mammals_richness.png  used on input line 313
.
(pdftex.def)             Requested size: 170.71652pt x 170.71304pt.
<./images//mammals_corr.png, id=281, 481.8pt x 481.8pt>
File: ./images//mammals_corr.png Graphic file (type png)
<use ./images//mammals_corr.png>
Package pdftex.def Info: ./images//mammals_corr.png  used on input line 314.
(pdftex.def)             Requested size: 170.71652pt x 170.71304pt.
 [9 <./images//birds_richness.png> <./images//birds_corr.png> <./images//mammal
s_richness.png> <./images//mammals_corr.png>]
<./images//relationships_page.png, id=296, 1980.39874pt x 904.37875pt>
File: ./images//relationships_page.png Graphic file (type png)
<use ./images//relationships_page.png>
Package pdftex.def Info: ./images//relationships_page.png  used on input line 3
27.
(pdftex.def)             Requested size: 284.52756pt x 129.92409pt.
<./images//projects_page.png, id=297, 2475.2475pt x 528.97626pt>
File: ./images//projects_page.png Graphic file (type png)
<use ./images//projects_page.png>
Package pdftex.def Info: ./images//projects_page.png  used on input line 344.
(pdftex.def)             Requested size: 512.1496pt x 109.44977pt.

Overfull \hbox (56.90549pt too wide) in paragraph at lines 344--346
 [][][] 
 []

<./images//climate_butterflies.png, id=298, 2386.9175pt x 796.9775pt>
File: ./images//climate_butterflies.png Graphic file (type png)
<use ./images//climate_butterflies.png>
Package pdftex.def Info: ./images//climate_butterflies.png  used on input line 
353.
(pdftex.def)             Requested size: 426.79134pt x 142.5012pt.

LaTeX Warning: `h' float specifier changed to `ht'.

[10 <./images//relationships_page.png> <./images//projects_page.png>]
<./images//interspecies_map.png, id=308, 1037.8775pt x 807.015pt>
File: ./images//interspecies_map.png Graphic file (type png)
<use ./images//interspecies_map.png>
Package pdftex.def Info: ./images//interspecies_map.png  used on input line 362
.
(pdftex.def)             Requested size: 213.39566pt x 165.91939pt.
<./images//interspecies_bar.png, id=309, 2324.685pt x 590.205pt>
File: ./images//interspecies_bar.png Graphic file (type png)
<use ./images//interspecies_bar.png>
Package pdftex.def Info: ./images//interspecies_bar.png  used on input line 363
.
(pdftex.def)             Requested size: 312.9803pt x 79.45808pt.
 [11 <./images//climate_butterflies.png> <./images//interspecies_map.png> <./im
ages//interspecies_bar.png>]
<./images//ranunculus.png, id=322, 481.8pt x 481.8pt>
File: ./images//ranunculus.png Graphic file (type png)
<use ./images//ranunculus.png>
Package pdftex.def Info: ./images//ranunculus.png  used on input line 373.
(pdftex.def)             Requested size: 182.09746pt x 182.09341pt.
<./images//temperature.png, id=323, 481.8pt x 481.8pt>
File: ./images//temperature.png Graphic file (type png)
<use ./images//temperature.png>
Package pdftex.def Info: ./images//temperature.png  used on input line 374.
(pdftex.def)             Requested size: 182.09746pt x 182.09341pt.
<./images//precipitation.png, id=324, 481.8pt x 481.8pt>
File: ./images//precipitation.png Graphic file (type png)
<use ./images//precipitation.png>
Package pdftex.def Info: ./images//precipitation.png  used on input line 380.
(pdftex.def)             Requested size: 182.09746pt x 182.09341pt.
<./images//elev.png, id=325, 481.8pt x 481.8pt>
File: ./images//elev.png Graphic file (type png)
<use ./images//elev.png>
Package pdftex.def Info: ./images//elev.png  used on input line 381.
(pdftex.def)             Requested size: 182.09746pt x 182.09341pt.
<./images//about_page.png, id=326, 1147.8885pt x 518.53725pt>
File: ./images//about_page.png Graphic file (type png)
<use ./images//about_page.png>
Package pdftex.def Info: ./images//about_page.png  used on input line 390.
(pdftex.def)             Requested size: 284.52756pt x 128.52628pt.
 [12 <./images//ranunculus.png> <./images//temperature.png (PNG copy)> <./image
s//precipitation.png (PNG copy)> <./images//elev.png (PNG copy)> <./images//abo
ut_page.png>] [13] [14] (./report.aux)
Package rerunfilecheck Info: File `report.out' has not changed.
(rerunfilecheck)             Checksum: 266904F46DEDF42A64C3BB4A0ADB1112;5203.
 ) 
Here is how much of TeX's memory you used:
 14001 strings out of 478268
 228936 string characters out of 5846348
 528765 words of memory out of 5000000
 31931 multiletter control sequences out of 15000+600000
 478679 words of font info for 61 fonts, out of 8000000 for 9000
 1141 hyphenation exceptions out of 8191
 85i,11n,133p,1329b,510s stack positions out of 10000i,1000n,20000p,200000b,200000s
{/usr/local/texlive/2022/texmf-dist/fonts/enc/dvips/cm-super/cm-super-ts1.enc
}</usr/local/texlive/2022/texmf-dist/fonts/type1/public/amsfonts/cm/cmbx10.pfb>
</usr/local/texlive/2022/texmf-dist/fonts/type1/public/amsfonts/cm/cmbx12.pfb><
/usr/local/texlive/2022/texmf-dist/fonts/type1/public/amsfonts/cm/cmbx9.pfb></u
sr/local/texlive/2022/texmf-dist/fonts/type1/public/amsfonts/cm/cmbxti10.pfb></
usr/local/texlive/2022/texmf-dist/fonts/type1/public/amsfonts/cm/cmcsc10.pfb></
usr/local/texlive/2022/texmf-dist/fonts/type1/public/amsfonts/cm/cmex10.pfb></u
sr/local/texlive/2022/texmf-dist/fonts/type1/public/amsfonts/cm/cmmi10.pfb></us
r/local/texlive/2022/texmf-dist/fonts/type1/public/amsfonts/cm/cmmi7.pfb></usr/
local/texlive/2022/texmf-dist/fonts/type1/public/amsfonts/cm/cmr10.pfb></usr/lo
cal/texlive/2022/texmf-dist/fonts/type1/public/amsfonts/cm/cmr12.pfb></usr/loca
l/texlive/2022/texmf-dist/fonts/type1/public/amsfonts/cm/cmr7.pfb></usr/local/t
exlive/2022/texmf-dist/fonts/type1/public/amsfonts/cm/cmr8.pfb></usr/local/texl
ive/2022/texmf-dist/fonts/type1/public/amsfonts/cm/cmr9.pfb></usr/local/texlive
/2022/texmf-dist/fonts/type1/public/amsfonts/cm/cmsy10.pfb></usr/local/texlive/
2022/texmf-dist/fonts/type1/public/amsfonts/cm/cmti10.pfb></usr/local/texlive/2
022/texmf-dist/fonts/type1/public/amsfonts/cm/cmti12.pfb></usr/local/texlive/20
22/texmf-dist/fonts/type1/public/amsfonts/cm/cmtt10.pfb></usr/local/texlive/202
2/texmf-dist/fonts/type1/public/amsfonts/cm/cmtt9.pfb></usr/local/texlive/2022/
texmf-dist/fonts/type1/public/cm-super/sfrm1000.pfb>
Output written on report.pdf (15 pages, 13656872 bytes).
PDF statistics:
 470 PDF objects out of 1000 (max. 8388607)
 372 compressed objects within 4 object streams
 102 named destinations out of 1000 (max. 500000)
 399 words of extra memory for PDF output out of 10000 (max. 10000000)

