\BOOKMARK [1][-]{section.0}{\376\377\000A\000b\000s\000t\000r\000a\000c\000t}{}% 1
\BOOKMARK [1][-]{section.1}{\376\377\000A\000b\000o\000u\000t\000\040\000t\000h\000e\000\040\000p\000r\000o\000j\000e\000c\000t}{}% 2
\BOOKMARK [1][-]{section.2}{\376\377\000D\000a\000t\000a}{}% 3
\BOOKMARK [1][-]{section.3}{\376\377\000M\000e\000t\000h\000o\000d\000s}{}% 4
\BOOKMARK [2][-]{subsection.3.1}{\376\377\000B\000i\000o\000d\000i\000v\000e\000r\000s\000i\000t\000y\000\040\000m\000e\000t\000r\000i\000c\000s}{section.3}% 5
\BOOKMARK [2][-]{subsection.3.2}{\376\377\000I\000n\000f\000e\000r\000e\000n\000t\000i\000a\000l\000\040\000a\000n\000a\000l\000y\000s\000i\000s}{section.3}% 6
\BOOKMARK [3][-]{subsubsection.3.2.1}{\376\377\000M\000a\000x\000E\000n\000t\000\040\000m\000o\000d\000e\000l}{subsection.3.2}% 7
\BOOKMARK [3][-]{subsubsection.3.2.2}{\376\377\000S\000m\000o\000o\000t\000h\000i\000n\000g\000:\000\040\000B\000a\000y\000e\000s\000i\000a\000n\000\040\000m\000o\000d\000e\000l}{subsection.3.2}% 8
\BOOKMARK [2][-]{subsection.3.3}{\376\377\000K\000e\000y\000s\000t\000o\000n\000e\000\040\000s\000p\000e\000c\000i\000e\000s\000\040\000a\000n\000a\000l\000y\000s\000i\000s}{section.3}% 9
\BOOKMARK [3][-]{subsubsection.3.3.1}{\376\377\000Y\000e\000l\000l\000o\000w\000-\000b\000r\000e\000a\000s\000t\000e\000d\000\040\000b\000u\000n\000t\000i\000n\000g}{subsection.3.3}% 10
\BOOKMARK [2][-]{subsection.3.4}{\376\377\000R\000e\000l\000a\000t\000i\000o\000n\000s\000h\000i\000p\000\040\000a\000n\000a\000l\000y\000s\000i\000s}{section.3}% 11
\BOOKMARK [2][-]{subsection.3.5}{\376\377\000C\000o\000n\000c\000l\000u\000s\000i\000o\000n\000s}{section.3}% 12
\BOOKMARK [3][-]{subsubsection.3.5.1}{\376\377\000B\000i\000o\000d\000i\000v\000e\000r\000s\000i\000t\000y\000\040\000m\000e\000t\000r\000i\000c\000s}{subsection.3.5}% 13
\BOOKMARK [3][-]{subsubsection.3.5.2}{\376\377\000M\000a\000x\000E\000n\000t\000\040\000m\000o\000d\000e\000l}{subsection.3.5}% 14
\BOOKMARK [3][-]{subsubsection.3.5.3}{\376\377\000S\000m\000o\000o\000t\000h\000i\000n\000g\000:\000\040\000B\000a\000y\000e\000s\000i\000a\000n\000\040\000m\000o\000d\000e\000l}{subsection.3.5}% 15
\BOOKMARK [3][-]{subsubsection.3.5.4}{\376\377\000K\000e\000y\000s\000t\000o\000n\000e\000\040\000s\000p\000e\000c\000i\000e\000s\000\040\000a\000n\000a\000l\000y\000s\000i\000s}{subsection.3.5}% 16
\BOOKMARK [3][-]{subsubsection.3.5.5}{\376\377\000R\000e\000l\000a\000t\000i\000o\000n\000s\000h\000i\000p\000\040\000a\000n\000a\000l\000y\000s\000i\000s}{subsection.3.5}% 17
\BOOKMARK [1][-]{section.4}{\376\377\000I\000m\000p\000l\000e\000m\000e\000n\000t\000a\000t\000i\000o\000n}{}% 18
\BOOKMARK [2][-]{subsection.4.1}{\376\377\000H\000e\000x\000a\000g\000o\000n\000a\000l\000\040\000g\000r\000i\000d\000d\000i\000n\000g}{section.4}% 19
\BOOKMARK [2][-]{subsection.4.2}{\376\377\000L\000i\000b\000r\000a\000r\000i\000e\000s}{section.4}% 20
\BOOKMARK [2][-]{subsection.4.3}{\376\377\000D\000e\000p\000l\000o\000y\000m\000e\000n\000t}{section.4}% 21
\BOOKMARK [2][-]{subsection.4.4}{\376\377\000P\000r\000e\000c\000o\000m\000p\000u\000t\000a\000t\000i\000o\000n\000\040\000o\000f\000\040\000d\000a\000t\000a}{section.4}% 22
\BOOKMARK [1][-]{section.5}{\376\377\000R\000e\000s\000u\000l\000t\000s}{}% 23
\BOOKMARK [2][-]{subsection.5.1}{\376\377\000B\000i\000o\000d\000i\000v\000e\000r\000s\000i\000t\000y\000\040\000p\000a\000g\000e}{section.5}% 24
\BOOKMARK [3][-]{subsubsection.5.1.1}{\376\377\000K\000e\000y\000s\000t\000o\000n\000e\000\040\000s\000p\000e\000c\000i\000e\000s\000\040\000a\000n\000a\000l\000y\000s\000i\000s}{subsection.5.1}% 25
\BOOKMARK [3][-]{subsubsection.5.1.2}{\376\377\000M\000a\000x\000E\000n\000t\000\040\000m\000o\000d\000e\000l}{subsection.5.1}% 26
\BOOKMARK [2][-]{subsection.5.2}{\376\377\000R\000e\000l\000a\000t\000i\000o\000n\000s\000h\000i\000p\000s\000\040\000p\000a\000g\000e}{section.5}% 27
\BOOKMARK [2][-]{subsection.5.3}{\376\377\000P\000r\000o\000j\000e\000c\000t\000s\000\040\000p\000a\000g\000e}{section.5}% 28
\BOOKMARK [3][-]{subsubsection.5.3.1}{\376\377\000C\000l\000i\000m\000a\000t\000e\000\040\000c\000h\000a\000n\000g\000e\000\040\000a\000n\000d\000\040\000b\000u\000t\000t\000e\000r\000f\000l\000i\000e\000s}{subsection.5.3}% 29
\BOOKMARK [3][-]{subsubsection.5.3.2}{\376\377\000I\000n\000t\000e\000r\000s\000p\000e\000c\000i\000e\000s\000\040\000d\000y\000n\000a\000m\000i\000c\000s}{subsection.5.3}% 30
\BOOKMARK [2][-]{subsection.5.4}{\376\377\000A\000b\000o\000u\000t\000\040\000p\000a\000g\000e}{section.5}% 31
\BOOKMARK [1][-]{section.6}{\376\377\000E\000t\000h\000i\000c\000a\000l\000\040\000i\000s\000s\000u\000e\000s}{}% 32
\BOOKMARK [1][-]{section.7}{\376\377\000L\000e\000s\000s\000o\000n\000s\000\040\000l\000e\000a\000r\000n\000e\000d}{}% 33
\BOOKMARK [1][-]{section.8}{\376\377\000C\000o\000n\000c\000l\000u\000s\000i\000o\000n\000\040\000a\000n\000d\000\040\000f\000u\000t\000u\000r\000e\000\040\000p\000r\000o\000s\000p\000e\000c\000t\000s}{}% 34
\BOOKMARK [1][-]{section.9}{\376\377\000D\000i\000v\000i\000s\000o\000n\000\040\000o\000f\000\040\000t\000a\000s\000k\000s}{}% 35
\BOOKMARK [1][-]{section.10}{\376\377\000R\000e\000f\000e\000r\000e\000n\000c\000e\000s}{}% 36
